2021-06-20 19:53:56,256  INFO 12796 --- [restartedMain                 ] com.oauth.server.OauthServerApplication  : No active profile set, falling back to default profiles: default
2021-06-20 19:53:57,776  WARN 12796 --- [restartedMain                 ] o.s.boot.actuate.endpoint.EndpointId     : Endpoint ID 'service-registry' contains invalid characters, please migrate to a valid format.
2021-06-20 19:53:58,032  INFO 12796 --- [restartedMain                 ] o.s.cloud.context.scope.GenericScope     : BeanFactory id=632e2cb3-2dbf-3c26-835d-9546dea6b297
2021-06-20 19:53:58,219  INFO 12796 --- [restartedMain                 ] trationDelegate$BeanPostProcessorChecker : Bean 'org.springframework.security.access.expression.method.DefaultMethodSecurityExpressionHandler@331b4cd5' of type [org.springframework.security.oauth2.provider.expression.OAuth2MethodSecurityExpressionHandler] is not eligible for getting processed by all BeanPostProcessors (for example: not eligible for auto-proxying)
2021-06-20 19:53:58,229  INFO 12796 --- [restartedMain                 ] trationDelegate$BeanPostProcessorChecker : Bean 'methodSecurityMetadataSource' of type [org.springframework.security.access.method.DelegatingMethodSecurityMetadataSource] is not eligible for getting processed by all BeanPostProcessors (for example: not eligible for auto-proxying)
2021-06-20 19:53:59,071  INFO 12796 --- [restartedMain                 ] o.s.b.w.embedded.tomcat.TomcatWebServer  : Tomcat initialized with port(s): 5555 (http)
2021-06-20 19:53:59,090  INFO 12796 --- [restartedMain                 ] o.apache.catalina.core.StandardService   : Starting service [Tomcat]
2021-06-20 19:53:59,091  INFO 12796 --- [restartedMain                 ] org.apache.catalina.core.StandardEngine  : Starting Servlet engine: [Apache Tomcat/9.0.43]
2021-06-20 19:53:59,312  INFO 12796 --- [restartedMain                 ] o.a.c.c.C.[Tomcat].[localhost].[/]       : Initializing Spring embedded WebApplicationContext
2021-06-20 19:53:59,312  INFO 12796 --- [restartedMain                 ] w.s.c.ServletWebServerApplicationContext : Root WebApplicationContext: initialization completed in 3025 ms
2021-06-20 19:53:59,440  WARN 12796 --- [restartedMain                 ] c.n.c.sources.URLConfigurationSource     : No URLs will be polled as dynamic configuration sources.
2021-06-20 19:53:59,441  INFO 12796 --- [restartedMain                 ] c.n.c.sources.URLConfigurationSource     : To enable URLs as dynamic configuration sources, define System property archaius.configurationSource.additionalUrls or make config.properties available on classpath.
2021-06-20 19:53:59,455  INFO 12796 --- [restartedMain                 ] c.netflix.config.DynamicPropertyFactory  : DynamicPropertyFactory is initialized with configuration sources: com.netflix.config.ConcurrentCompositeConfiguration@cf77256
2021-06-20 19:53:59,986  WARN 12796 --- [restartedMain                 ] c.n.c.sources.URLConfigurationSource     : No URLs will be polled as dynamic configuration sources.
2021-06-20 19:53:59,987  INFO 12796 --- [restartedMain                 ] c.n.c.sources.URLConfigurationSource     : To enable URLs as dynamic configuration sources, define System property archaius.configurationSource.additionalUrls or make config.properties available on classpath.
2021-06-20 19:54:00,045 DEBUG 12796 --- [restartedMain                 ] .h.v.m.ResourceBundleMessageInterpolator : Loaded expression factory via original TCCL
2021-06-20 19:54:00,050 DEBUG 12796 --- [restartedMain                 ] o.h.v.i.e.AbstractConfigurationImpl      : Setting custom MessageInterpolator of type org.springframework.validation.beanvalidation.LocaleContextMessageInterpolator
2021-06-20 19:54:00,051 DEBUG 12796 --- [restartedMain                 ] o.h.v.i.e.AbstractConfigurationImpl      : Setting custom ConstraintValidatorFactory of type org.springframework.validation.beanvalidation.SpringConstraintValidatorFactory
2021-06-20 19:54:00,051 DEBUG 12796 --- [restartedMain                 ] o.h.v.i.e.AbstractConfigurationImpl      : Setting custom ParameterNameProvider of type org.springframework.validation.beanvalidation.LocalValidatorFactoryBean$1
2021-06-20 19:54:00,054 DEBUG 12796 --- [restartedMain                 ] o.h.v.i.xml.config.ValidationXmlParser   : Trying to load META-INF/validation.xml for XML based Validator configuration.
2021-06-20 19:54:00,054 DEBUG 12796 --- [restartedMain                 ] o.h.v.i.xml.config.ResourceLoaderHelper  : Trying to load META-INF/validation.xml via user class loader
2021-06-20 19:54:00,055 DEBUG 12796 --- [restartedMain                 ] o.h.v.i.xml.config.ResourceLoaderHelper  : Trying to load META-INF/validation.xml via TCCL
2021-06-20 19:54:00,055 DEBUG 12796 --- [restartedMain                 ] o.h.v.i.xml.config.ResourceLoaderHelper  : Trying to load META-INF/validation.xml via Hibernate Validator's class loader
2021-06-20 19:54:00,056 DEBUG 12796 --- [restartedMain                 ] o.h.v.i.xml.config.ValidationXmlParser   : No META-INF/validation.xml found. Using annotation based configuration only.
2021-06-20 19:54:00,057 DEBUG 12796 --- [restartedMain                 ] o.h.v.i.e.resolver.TraversableResolvers  : Cannot find javax.persistence.Persistence on classpath. Assuming non JPA 2 environment. All properties will per default be traversable.
2021-06-20 19:54:00,059 DEBUG 12796 --- [restartedMain                 ] .i.e.ValidatorFactoryConfigurationHelper : HV000252: Using org.hibernate.validator.internal.engine.DefaultPropertyNodeNameProvider as property node name provider.
2021-06-20 19:54:00,060 DEBUG 12796 --- [restartedMain                 ] .i.e.ValidatorFactoryConfigurationHelper : HV000234: Using org.springframework.validation.beanvalidation.LocaleContextMessageInterpolator as ValidatorFactory-scoped message interpolator.
2021-06-20 19:54:00,060 DEBUG 12796 --- [restartedMain                 ] .i.e.ValidatorFactoryConfigurationHelper : HV000234: Using org.hibernate.validator.internal.engine.resolver.TraverseAllTraversableResolver as ValidatorFactory-scoped traversable resolver.
2021-06-20 19:54:00,060 DEBUG 12796 --- [restartedMain                 ] .i.e.ValidatorFactoryConfigurationHelper : HV000234: Using org.hibernate.validator.internal.util.ExecutableParameterNameProvider as ValidatorFactory-scoped parameter name provider.
2021-06-20 19:54:00,061 DEBUG 12796 --- [restartedMain                 ] .i.e.ValidatorFactoryConfigurationHelper : HV000234: Using org.hibernate.validator.internal.engine.DefaultClockProvider as ValidatorFactory-scoped clock provider.
2021-06-20 19:54:00,061 DEBUG 12796 --- [restartedMain                 ] .i.e.ValidatorFactoryConfigurationHelper : HV000234: Using org.hibernate.validator.internal.engine.scripting.DefaultScriptEvaluatorFactory as ValidatorFactory-scoped script evaluator factory.
2021-06-20 19:54:00,378  INFO 12796 --- [restartedMain                 ] o.s.s.concurrent.ThreadPoolTaskExecutor  : Initializing ExecutorService 'applicationTaskExecutor'
2021-06-20 19:54:00,393 DEBUG 12796 --- [restartedMain                 ] s.w.s.m.m.a.RequestMappingHandlerAdapter : ControllerAdvice beans: 0 @ModelAttribute, 0 @InitBinder, 1 RequestBodyAdvice, 1 ResponseBodyAdvice
2021-06-20 19:54:00,448 TRACE 12796 --- [restartedMain                 ] s.w.s.m.m.a.RequestMappingHandlerMapping : 
	c.o.s.PruebaRestController:
	{GET /pruebas/saludo}: saludo()
2021-06-20 19:54:00,451 TRACE 12796 --- [restartedMain                 ] s.w.s.m.m.a.RequestMappingHandlerMapping : 
	o.s.b.a.w.s.e.BasicErrorController:
	{ /error}: error(HttpServletRequest)
	{ /error, produces [text/html]}: errorHtml(HttpServletRequest,HttpServletResponse)
2021-06-20 19:54:00,456 DEBUG 12796 --- [restartedMain                 ] s.w.s.m.m.a.RequestMappingHandlerMapping : 3 mappings in 'requestMappingHandlerMapping'
2021-06-20 19:54:00,477 TRACE 12796 --- [restartedMain                 ] o.s.w.s.handler.SimpleUrlHandlerMapping  : Mapped [/webjars/**] onto ResourceHttpRequestHandler ["classpath:/META-INF/resources/webjars/"]
2021-06-20 19:54:00,478 TRACE 12796 --- [restartedMain                 ] o.s.w.s.handler.SimpleUrlHandlerMapping  : Mapped [/**] onto ResourceHttpRequestHandler ["classpath:/META-INF/resources/", "classpath:/resources/", "classpath:/static/", "classpath:/public/"]
2021-06-20 19:54:00,478 DEBUG 12796 --- [restartedMain                 ] o.s.w.s.handler.SimpleUrlHandlerMapping  : Patterns [/webjars/**, /**] in 'resourceHandlerMapping'
2021-06-20 19:54:00,496 DEBUG 12796 --- [restartedMain                 ] o.s.w.s.h.BeanNameUrlHandlerMapping      : Detected 0 mappings in 'beanNameHandlerMapping'
2021-06-20 19:54:00,518 DEBUG 12796 --- [restartedMain                 ] .m.m.a.ExceptionHandlerExceptionResolver : ControllerAdvice beans: 0 @ExceptionHandler, 1 ResponseBodyAdvice
2021-06-20 19:54:01,912  INFO 12796 --- [restartedMain                 ] .s.s.UserDetailsServiceAutoConfiguration : 

Using generated security password: ebac9843-a8bf-4be2-9f18-51ab31cbde99

2021-06-20 19:54:02,017  INFO 12796 --- [restartedMain                 ] o.s.s.web.DefaultSecurityFilterChain     : Creating filter chain: OrRequestMatcher [requestMatchers=[Ant [pattern='/oauth/token'], Ant [pattern='/oauth/token_key'], Ant [pattern='/oauth/check_token']]], [org.springframework.security.web.context.request.async.WebAsyncManagerIntegrationFilter@1b825c62, org.springframework.security.web.context.SecurityContextPersistenceFilter@a0a0128, org.springframework.security.web.header.HeaderWriterFilter@70fed9a7, org.springframework.security.web.authentication.logout.LogoutFilter@270371bd, org.springframework.security.web.authentication.www.BasicAuthenticationFilter@7a73512c, org.springframework.security.web.savedrequest.RequestCacheAwareFilter@7e4c4f54, org.springframework.security.web.servletapi.SecurityContextHolderAwareRequestFilter@4906c781, org.springframework.security.web.authentication.AnonymousAuthenticationFilter@7aa2ace, org.springframework.security.web.session.SessionManagementFilter@671f4d47, org.springframework.security.web.access.ExceptionTranslationFilter@b8962d4, org.springframework.security.web.access.intercept.FilterSecurityInterceptor@2f4d88ef]
2021-06-20 19:54:02,043  INFO 12796 --- [restartedMain                 ] o.s.s.web.DefaultSecurityFilterChain     : Creating filter chain: org.springframework.security.oauth2.config.annotation.web.configuration.ResourceServerConfiguration$NotOAuthRequestMatcher@1536ea5a, [org.springframework.security.web.context.request.async.WebAsyncManagerIntegrationFilter@45100f2b, org.springframework.security.web.context.SecurityContextPersistenceFilter@4224b2f2, org.springframework.security.web.header.HeaderWriterFilter@35fbcf7b, org.springframework.security.web.authentication.logout.LogoutFilter@f39e594, org.springframework.security.oauth2.provider.authentication.OAuth2AuthenticationProcessingFilter@7545d7b8, org.springframework.security.web.savedrequest.RequestCacheAwareFilter@33d48d9c, org.springframework.security.web.servletapi.SecurityContextHolderAwareRequestFilter@58bf1c8a, org.springframework.security.web.authentication.AnonymousAuthenticationFilter@511d76b7, org.springframework.security.web.session.SessionManagementFilter@32005c58, org.springframework.security.web.access.ExceptionTranslationFilter@5b35569c, org.springframework.security.web.access.intercept.FilterSecurityInterceptor@1fee769c]
2021-06-20 19:54:02,056  INFO 12796 --- [restartedMain                 ] o.s.s.web.DefaultSecurityFilterChain     : Creating filter chain: any request, [org.springframework.security.web.context.request.async.WebAsyncManagerIntegrationFilter@4980d44d, org.springframework.security.web.context.SecurityContextPersistenceFilter@41b641f0, org.springframework.security.web.header.HeaderWriterFilter@22354cd1, org.springframework.security.web.csrf.CsrfFilter@11357ef6, org.springframework.security.web.authentication.logout.LogoutFilter@62a973fd, org.springframework.security.web.savedrequest.RequestCacheAwareFilter@4f16e3e7, org.springframework.security.web.servletapi.SecurityContextHolderAwareRequestFilter@474d6d10, org.springframework.security.web.authentication.AnonymousAuthenticationFilter@74dd5bb9, org.springframework.security.web.session.SessionManagementFilter@351c7c9d, org.springframework.security.web.access.ExceptionTranslationFilter@534baca5, org.springframework.security.web.access.intercept.FilterSecurityInterceptor@16eb6f09]
2021-06-20 19:54:02,131  WARN 12796 --- [restartedMain                 ] o.s.b.d.a.OptionalLiveReloadServer       : Unable to start LiveReload server
2021-06-20 19:54:02,515  INFO 12796 --- [restartedMain                 ] DiscoveryClientOptionalArgsConfiguration : Eureka HTTP Client uses Jersey
2021-06-20 19:54:02,516  INFO 12796 --- [MI TCP Connection(3)-127.0.0.1] o.a.c.c.C.[Tomcat].[localhost].[/]       : Initializing Spring DispatcherServlet 'dispatcherServlet'
2021-06-20 19:54:02,517  INFO 12796 --- [MI TCP Connection(3)-127.0.0.1] o.s.web.servlet.DispatcherServlet        : Initializing Servlet 'dispatcherServlet'
2021-06-20 19:54:02,517 TRACE 12796 --- [MI TCP Connection(3)-127.0.0.1] o.s.web.servlet.DispatcherServlet        : Detected org.springframework.web.multipart.support.StandardServletMultipartResolver@402e8350
2021-06-20 19:54:02,523 TRACE 12796 --- [MI TCP Connection(3)-127.0.0.1] o.s.web.servlet.DispatcherServlet        : No LocaleResolver 'localeResolver': using default [AcceptHeaderLocaleResolver]
2021-06-20 19:54:02,525 TRACE 12796 --- [MI TCP Connection(3)-127.0.0.1] o.s.web.servlet.DispatcherServlet        : No ThemeResolver 'themeResolver': using default [FixedThemeResolver]
2021-06-20 19:54:02,537  INFO 12796 --- [MI TCP Connection(3)-127.0.0.1] o.s.b.a.e.web.EndpointLinksResolver      : Exposing 2 endpoint(s) beneath base path '/actuator'
2021-06-20 19:54:02,563 TRACE 12796 --- [MI TCP Connection(3)-127.0.0.1] o.s.web.servlet.DispatcherServlet        : No RequestToViewNameTranslator 'viewNameTranslator': using default [DefaultRequestToViewNameTranslator]
2021-06-20 19:54:02,568 TRACE 12796 --- [MI TCP Connection(3)-127.0.0.1] o.s.web.servlet.DispatcherServlet        : No FlashMapManager 'flashMapManager': using default [SessionFlashMapManager]
2021-06-20 19:54:02,569 DEBUG 12796 --- [MI TCP Connection(3)-127.0.0.1] o.s.web.servlet.DispatcherServlet        : enableLoggingRequestDetails='false': request parameters and headers will be masked to prevent unsafe logging of potentially sensitive data
2021-06-20 19:54:02,569  INFO 12796 --- [MI TCP Connection(3)-127.0.0.1] o.s.web.servlet.DispatcherServlet        : Completed initialization in 52 ms
2021-06-20 19:54:02,606  WARN 12796 --- [restartedMain                 ] ockingLoadBalancerClientRibbonWarnLogger : You already have RibbonLoadBalancerClient on your classpath. It will be used by default. As Spring Cloud Ribbon is in maintenance mode. We recommend switching to BlockingLoadBalancerClient instead. In order to use it, set the value of `spring.cloud.loadbalancer.ribbon.enabled` to `false` or remove spring-cloud-starter-netflix-ribbon from your project.
2021-06-20 19:54:02,696  WARN 12796 --- [restartedMain                 ] s.o.SpringCloudSecurityAutoConfiguration : All Spring Cloud Security modules and starters are deprecated. They will be moved to individual projects in the next major release.
2021-06-20 19:54:02,835  INFO 12796 --- [restartedMain                 ] o.s.c.n.eureka.InstanceInfoFactory       : Setting initial instance status as: STARTING
2021-06-20 19:54:02,942  INFO 12796 --- [restartedMain                 ] com.netflix.discovery.DiscoveryClient    : Initializing Eureka in region us-east-1
2021-06-20 19:54:03,233  INFO 12796 --- [restartedMain                 ] c.n.d.provider.DiscoveryJerseyProvider   : Using JSON encoding codec LegacyJacksonJson
2021-06-20 19:54:03,234  INFO 12796 --- [restartedMain                 ] c.n.d.provider.DiscoveryJerseyProvider   : Using JSON decoding codec LegacyJacksonJson
2021-06-20 19:54:03,617  INFO 12796 --- [restartedMain                 ] c.n.d.provider.DiscoveryJerseyProvider   : Using XML encoding codec XStreamXml
2021-06-20 19:54:03,618  INFO 12796 --- [restartedMain                 ] c.n.d.provider.DiscoveryJerseyProvider   : Using XML decoding codec XStreamXml
2021-06-20 19:54:04,304  INFO 12796 --- [restartedMain                 ] c.n.d.s.r.aws.ConfigClusterResolver      : Resolving eureka endpoints via configuration
2021-06-20 19:54:04,376  INFO 12796 --- [restartedMain                 ] com.netflix.discovery.DiscoveryClient    : Disable delta property : false
2021-06-20 19:54:04,376  INFO 12796 --- [restartedMain                 ] com.netflix.discovery.DiscoveryClient    : Single vip registry refresh property : null
2021-06-20 19:54:04,376  INFO 12796 --- [restartedMain                 ] com.netflix.discovery.DiscoveryClient    : Force full registry fetch : false
2021-06-20 19:54:04,376  INFO 12796 --- [restartedMain                 ] com.netflix.discovery.DiscoveryClient    : Application is null : false
2021-06-20 19:54:04,376  INFO 12796 --- [restartedMain                 ] com.netflix.discovery.DiscoveryClient    : Registered Applications size is zero : true
2021-06-20 19:54:04,377  INFO 12796 --- [restartedMain                 ] com.netflix.discovery.DiscoveryClient    : Application version is -1: true
2021-06-20 19:54:04,377  INFO 12796 --- [restartedMain                 ] com.netflix.discovery.DiscoveryClient    : Getting all instance registry info from the eureka server
2021-06-20 19:54:04,629  INFO 12796 --- [restartedMain                 ] com.netflix.discovery.DiscoveryClient    : The response status is 200
2021-06-20 19:54:04,642  INFO 12796 --- [restartedMain                 ] com.netflix.discovery.DiscoveryClient    : Starting heartbeat executor: renew interval is: 30
2021-06-20 19:54:04,653  INFO 12796 --- [restartedMain                 ] c.n.discovery.InstanceInfoReplicator     : InstanceInfoReplicator onDemand update allowed rate per min is 4
2021-06-20 19:54:04,678  INFO 12796 --- [restartedMain                 ] com.netflix.discovery.DiscoveryClient    : Discovery Client initialized at timestamp 1624236844676 with initial instances count: 2
2021-06-20 19:54:04,682  INFO 12796 --- [restartedMain                 ] o.s.c.n.e.s.EurekaServiceRegistry        : Registering application SERVICIO-OAUTH with eureka with status UP
2021-06-20 19:54:04,683  INFO 12796 --- [restartedMain                 ] com.netflix.discovery.DiscoveryClient    : Saw local status change event StatusChangeEvent [timestamp=1624236844683, current=UP, previous=STARTING]
2021-06-20 19:54:04,686  INFO 12796 --- [lient-InstanceInfoReplicator-0] com.netflix.discovery.DiscoveryClient    : DiscoveryClient_SERVICIO-OAUTH/A6ZPH5CD8080S3H.claro.co:servicio-oauth:5555: registering service...
2021-06-20 19:54:04,717  INFO 12796 --- [lient-InstanceInfoReplicator-0] com.netflix.discovery.DiscoveryClient    : DiscoveryClient_SERVICIO-OAUTH/A6ZPH5CD8080S3H.claro.co:servicio-oauth:5555 - registration status: 204
2021-06-20 19:54:04,742  INFO 12796 --- [restartedMain                 ] o.s.b.w.embedded.tomcat.TomcatWebServer  : Tomcat started on port(s): 5555 (http) with context path ''
2021-06-20 19:54:04,743  INFO 12796 --- [restartedMain                 ] .s.c.n.e.s.EurekaAutoServiceRegistration : Updating port to 5555
2021-06-20 19:54:05,086  INFO 12796 --- [restartedMain                 ] com.oauth.server.OauthServerApplication  : Started OauthServerApplication in 10.635 seconds (JVM running for 11.9)
2021-06-20 19:59:04,398  INFO 12796 --- [cResolver-bootstrap-executor-0] c.n.d.s.r.aws.ConfigClusterResolver      : Resolving eureka endpoints via configuration
2021-06-20 19:59:49,718 TRACE 12796 --- [http-nio-5555-exec-1          ] o.s.web.servlet.DispatcherServlet        : POST "/oauth/token", parameters={masked}, headers={masked} in DispatcherServlet 'dispatcherServlet'
2021-06-20 19:59:49,745 TRACE 12796 --- [http-nio-5555-exec-1          ] .w.s.m.m.a.ServletInvocableHandlerMethod : Arguments: [org.springframework.security.authentication.UsernamePasswordAuthenticationToken@fffe49a9: Principal: org.springframework.security.core.userdetails.User@10509: Username: CLR; Password: [PROTECTED]; Enabled: true; AccountNonExpired: true; credentialsNonExpired: true; AccountNonLocked: true; Not granted any authorities; Credentials: [PROTECTED]; Authenticated: true; Details: org.springframework.security.web.authentication.WebAuthenticationDetails@b364: RemoteIpAddress: 0:0:0:0:0:0:0:1; SessionId: null; Not granted any authorities, {grant_type=client_credentials}]
2021-06-20 19:59:49,772 DEBUG 12796 --- [http-nio-5555-exec-1          ] o.s.w.s.m.m.a.HttpEntityMethodProcessor  : Found 'Content-Type:application/json;charset=UTF-8' in response
2021-06-20 19:59:49,797 TRACE 12796 --- [http-nio-5555-exec-1          ] o.s.w.s.m.m.a.HttpEntityMethodProcessor  : Writing [70e8e9eb-6425-45ab-ae0f-a3bc94fcaf71]
2021-06-20 19:59:49,811 TRACE 12796 --- [http-nio-5555-exec-1          ] o.s.web.servlet.DispatcherServlet        : No view rendering, null ModelAndView returned.
2021-06-20 19:59:49,812 DEBUG 12796 --- [http-nio-5555-exec-1          ] o.s.web.servlet.DispatcherServlet        : Completed 200 OK, headers={masked}
2021-06-20 20:04:04,403  INFO 12796 --- [cResolver-bootstrap-executor-0] c.n.d.s.r.aws.ConfigClusterResolver      : Resolving eureka endpoints via configuration
2021-06-20 20:09:04,419  INFO 12796 --- [cResolver-bootstrap-executor-0] c.n.d.s.r.aws.ConfigClusterResolver      : Resolving eureka endpoints via configuration
